IQ-TREE multicore version 2.1.4-beta COVID-edition for Linux 64-bit built Jun 24 2021
Developed by Bui Quang Minh, James Barbetti, Nguyen Lam Tung,
Olga Chernomor, Heiko Schmidt, Dominik Schrempf, Michael Woodhams.

Host:    gnode01 (AVX2, FMA3, 2003 GB RAM)
Command: iqtree2 -s SARS-CoV-2.MSA --alrt 1000 -B 1000 -T AUTO
Seed:    649527 (Using SPRNG - Scalable Parallel Random Number Generator)
Time:    Mon Jun 13 11:51:58 2022
Kernel:  AVX+FMA - auto-detect threads (128 CPU cores detected)

Reading alignment file SARS-CoV-2.MSA ... Fasta format detected
Alignment most likely contains DNA/RNA sequences
WARNING: 79 sites contain only gaps or ambiguous characters.
Alignment has 341 sequences with 30005 columns, 6110 distinct patterns
503 parsimony-informative, 1347 singleton sites, 28155 constant sites
                   Gap/Ambiguity  Composition  p-value
   1  Alpha_Q.7            0.76%    passed     99.38%
   2  Alpha_Q.4            6.06%    passed     98.54%
   3  Alpha_C.36.3         0.74%    passed     99.80%
   4  Alpha_Q.1            0.81%    passed     99.95%
   5  Alpha_B.1.1.318      0.84%    passed     99.90%
   6  Alpha_Q.6            0.54%    passed     99.93%
   7  Alpha_Q.8            1.03%    passed     99.87%
   8  Alpha_Q.2            0.52%    passed     99.94%
   9  Alpha_B.1.1.7        0.81%    passed     99.93%
  10  Alpha_Q.3            1.00%    passed     99.67%
  11  Beta_B.1.351.2       1.12%    passed     99.85%
  12  Beta_B.1.351.3       0.98%    passed     99.85%
  13  Beta_B.1.351         0.61%    passed     99.76%
  14  Delta_AY.4.12        1.02%    passed     99.82%
  15  Delta_AY.46.3        0.63%    passed     99.71%
  16  Delta_AY.43.5        1.06%    passed     99.84%
  17  Delta_AY.33.1        1.27%    passed     99.84%
  18  Delta_AY.28          0.87%    passed     99.95%
  19  Delta_AY.122.5       0.89%    passed     99.90%
  20  Delta_AY.78          1.05%    passed     99.94%
  21  Delta_XD             1.33%    passed     99.60%
  22  Delta_AY.66          1.06%    passed     99.94%
  23  Delta_AY.16.1        1.06%    passed     99.85%
  24  Delta_AY.82          9.37%    passed     94.34%
  25  Delta_AY.9.2.2       0.89%    passed     99.90%
  26  Delta_AY.19          0.40%    passed     99.91%
  27  Delta_AY.103         1.08%    passed     99.85%
  28  Delta_AY.43.6        7.81%    passed     90.37%
  29  Delta_AY.49          2.02%    passed     99.01%
  30  Delta_AY.36.1        1.39%    passed     99.65%
  31  Delta_AY.61          1.05%    passed     99.95%
  32  Delta_AY.73          0.66%    passed     99.89%
  33  Delta_AY.29.2        0.66%    passed     99.87%
  34  Delta_AY.75.3        0.64%    passed     99.94%
  35  Delta_AY.59          1.36%    passed     99.83%
  36  Delta_AY.29.1        0.41%    passed     99.91%
  37  Delta_AY.33.2        0.80%    passed     99.82%
  38  Delta_AY.39.1.1      0.85%    passed     99.98%
  39  Delta_AY.4.2.5       9.63%    passed     97.92%
  40  Delta_AY.122.2       1.79%    passed     99.90%
  41  Delta_AY.133         0.65%    passed     99.48%
  42  Delta_AY.104         0.66%    passed     99.63%
  43  Delta_AY.22          1.25%    passed     99.62%
  44  Delta_AY.95          0.90%    passed     99.77%
  45  Delta_AY.75.2        0.64%    passed     99.84%
  46  Delta_AY.4.10        0.55%    passed     99.74%
  47  Delta_AY.86          0.65%    passed     99.81%
  48  Delta_AY.23.1        0.96%    passed     99.96%
  49  Delta_AY.43.1        0.65%    passed     99.71%
  50  Delta_AY.112.2       0.66%    passed     99.55%
  51  Delta_AY.15          0.84%    passed     99.79%
  52  Delta_AY.43.7       24.88%    failed      1.64%
  53  Delta_AY.39.3       21.54%    passed     81.25%
  54  Delta_AY.116         1.01%    passed     99.97%
  55  Delta_AY.52          0.48%    passed     99.87%
  56  Delta_AY.124.1       0.65%    passed     99.44%
  57  Delta_AY.5.6         0.80%    passed     99.82%
  58  Delta_AY.122.6       0.70%    passed     99.63%
  59  Delta_AY.99.1        0.79%    passed     99.79%
  60  Delta_AY.85          0.64%    passed     99.53%
  61  Delta_AY.25.1.1      0.65%    passed     99.72%
  62  Delta_AY.92          0.79%    passed     99.78%
  63  Delta_AY.67          0.79%    passed     99.92%
  64  Delta_AY.102         0.79%    passed     99.84%
  65  Delta_AY.99.2        0.75%    passed     99.87%
  66  Delta_AY.39.2        1.22%    passed     99.68%
  67  Delta_AY.122.1       0.58%    passed     99.85%
  68  Delta_AY.3.4         1.56%    passed     99.53%
  69  Delta_AY.20.1        1.54%    passed     99.88%
  70  Delta_AY.128         2.11%    passed     99.11%
  71  Delta_AY.121.1       1.05%    passed     99.99%
  72  Delta_AY.81          0.65%    passed     99.71%
  73  Delta_AY.83          0.79%    passed     99.84%
  74  Delta_AY.119.1       0.79%    passed     99.68%
  75  Delta_AY.122.4       0.65%    passed     99.69%
  76  Delta_AY.25.1.2      0.69%    passed     99.81%
  77  Delta_AY.124.1.1     0.60%    passed     99.70%
  78  Delta_AY.46.1        0.88%    passed     99.78%
  79  Delta_AY.27          0.77%    passed     99.98%
  80  Delta_AY.16          0.60%    passed     99.69%
  81  Delta_AY.4.2.4      29.25%    passed     16.20%
  82  Delta_AY.43.2       20.45%    passed     29.44%
  83  Delta_AY.4.13        2.00%    passed     99.98%
  84  Delta_AY.91          2.87%    passed     98.91%
  85  Delta_AY.127.1       1.60%    passed     99.69%
  86  Delta_AY.43.4        1.68%    passed     99.86%
  87  Delta_AY.43.9        1.49%    passed     99.78%
  88  Delta_AY.4.2.3       0.77%    passed     99.76%
  89  Delta_AY.43.8        0.81%    passed     99.84%
  90  Delta_AY.105         0.59%    passed     99.73%
  91  Delta_AY.23.2        0.41%    passed     99.87%
  92  Delta_AY.7.1         3.01%    passed     99.79%
  93  Delta_AY.101        14.94%    passed     91.77%
  94  Delta_AY.72          0.77%    passed     99.83%
  95  Delta_AY.80          3.10%    passed     96.30%
  96  Delta_AY.4.11        4.73%    passed     96.59%
  97  Delta_AY.112.1       0.87%    passed     99.79%
  98  Delta_AY.5.2         4.45%    passed     98.54%
  99  Delta_AY.30          0.51%    passed     99.96%
 100  Delta_AY.24          0.74%    passed     99.87%
 101  Delta_AY.109         1.65%    passed     99.42%
 102  Delta_AY.5.4         1.50%    passed     99.73%
 103  Delta_AY.10         19.64%    passed     59.90%
 104  Delta_AY.43.3       15.55%    passed     74.45%
 105  Delta_AY.125.1       3.60%    passed     98.57%
 106  Delta_AY.50         12.58%    passed     76.49%
 107  Delta_AY.23          1.02%    passed     99.94%
 108  Delta_AY.4.2.2       0.79%    passed     99.90%
 109  Delta_AY.34.2        0.78%    passed     99.62%
 110  Delta_AY.5.5         1.44%    passed     99.98%
 111  Delta_AY.5.3         0.85%    passed     99.62%
 112  Delta_AY.3.3         1.24%    passed     99.36%
 113  Delta_AY.120.2.1     5.83%    passed     93.84%
 114  Delta_AY.46.6        0.68%    passed     99.89%
 115  Delta_AY.34.1        1.65%    passed     99.55%
 116  Delta_AY.69          0.62%    passed     99.86%
 117  Delta_AY.124         0.67%    passed     99.72%
 118  Delta_AY.60          0.63%    passed     99.79%
 119  Delta_AY.53          0.84%    passed     99.88%
 120  Delta_AY.129         0.39%    passed     99.89%
 121  Delta_AY.41          1.19%    passed     99.86%
 122  Delta_AY.4.4         0.51%    passed     99.67%
 123  Delta_AY.68          4.49%    passed     98.11%
 124  Delta_AY.77          0.80%    passed     99.63%
 125  Delta_AY.37          0.42%    passed     99.91%
 126  Delta_AY.1           0.45%    passed     99.86%
 127  Delta_AY.76          7.35%    passed     93.11%
 128  Delta_AY.125         0.80%    passed     99.80%
 129  Delta_AY.55         21.12%    passed     79.36%
 130  Delta_AY.51          1.54%    passed     99.06%
 131  Delta_AY.74          0.68%    passed     99.93%
 132  Delta_AY.127         0.34%    passed     99.44%
 133  Delta_AY.121         0.34%    passed     99.73%
 134  Delta_AY.34          0.66%    passed     99.75%
 135  Delta_AY.4.2.1       2.68%    passed     99.66%
 136  Delta_AY.99          8.57%    passed     90.80%
 137  Delta_AY.108         0.63%    passed     99.87%
 138  Delta_AY.34.1.1      0.62%    passed     99.77%
 139  Delta_AY.36          3.22%    passed     99.46%
 140  Delta_AY.116.1       0.74%    passed     99.86%
 141  Delta_AY.107         1.38%    passed     99.75%
 142  Delta_AY.62          0.84%    passed     99.69%
 143  Delta_AY.48          0.84%    passed     99.89%
 144  Delta_AY.120.1       0.99%    passed     99.18%
 145  Delta_AY.64          0.92%    passed     99.96%
 146  Delta_AY.106        24.95%    passed     52.36%
 147  Delta_AY.4.8         1.73%    passed     99.96%
 148  Delta_AY.71         11.78%    passed     99.55%
 149  Delta_AY.20          0.86%    passed     99.63%
 150  Delta_AY.113         0.85%    passed     99.59%
 151  Delta_AY.29          0.39%    passed     99.89%
 152  Delta_AY.7.2        23.63%    passed     90.46%
 153  Delta_AY.98.1        1.23%    passed     99.88%
 154  Delta_AY.4.6        23.96%    passed     25.15%
 155  Delta_AY.17          2.39%    passed     99.59%
 156  Delta_AY.45          1.65%    passed     99.85%
 157  Delta_AY.94         28.16%    passed     92.54%
 158  Delta_AY.42          3.46%    passed     97.53%
 159  Delta_AY.4.5         2.69%    passed     99.34%
 160  Delta_AY.5.1         9.82%    passed     84.35%
 161  Delta_AY.9.2         2.14%    passed     99.61%
 162  Delta_AY.117         1.02%    passed     99.06%
 163  Delta_AY.100         0.85%    passed     99.67%
 164  Delta_AY.114         0.89%    passed     99.79%
 165  Delta_AY.118         0.80%    passed     99.79%
 166  Delta_AY.14          0.70%    passed     99.77%
 167  Delta_AY.25.3        0.79%    passed     99.73%
 168  Delta_AY.46.4        0.81%    passed     99.76%
 169  Delta_AY.54          0.80%    passed     99.78%
 170  Delta_AY.119.2       0.75%    passed     99.84%
 171  Delta_AY.110         0.80%    passed     99.75%
 172  Delta_AY.25.1        0.78%    passed     99.70%
 173  Delta_AY.4.3         2.63%    passed     99.65%
 174  Delta_AY.84         27.68%    passed     72.89%
 175  Delta_AY.47          0.62%    passed     99.76%
 176  Delta_AY.119         0.50%    passed     99.68%
 177  Delta_AY.4.7        11.10%    passed     38.41%
 178  Delta_AY.43          0.62%    passed     99.95%
 179  Delta_AY.4.9         1.45%    passed     99.05%
 180  Delta_AY.38          0.65%    passed     99.92%
 181  Delta_AY.26          1.23%    passed     99.94%
 182  Delta_AY.46.5        2.05%    passed     98.31%
 183  Delta_AY.75          3.13%    passed     96.61%
 184  Delta_AY.39.1       24.06%    passed     91.31%
 185  Delta_AY.87          1.63%    passed     99.81%
 186  Delta_AY.88          2.15%    passed     99.70%
 187  Delta_AY.32         29.66%    passed     19.26%
 188  Delta_AY.46.2       18.12%    passed     22.38%
 189  Delta_AY.65          2.66%    passed     99.67%
 190  Delta_AY.33         22.52%    passed     25.26%
 191  Delta_AY.70          2.50%    passed     98.57%
 192  Delta_AY.112        16.37%    passed     50.45%
 193  Delta_AY.46          1.77%    passed     99.96%
 194  Delta_AY.4.2         1.68%    passed     99.86%
 195  Delta_AY.90          1.60%    passed     99.71%
 196  Delta_AY.4.1         1.45%    passed     99.88%
 197  Delta_AY.58          2.15%    passed     99.51%
 198  Delta_AY.6           1.64%    passed     99.73%
 199  Delta_AY.35          0.77%    passed     99.90%
 200  Delta_AY.13          0.48%    passed     99.80%
 201  Delta_AY.3.1         0.51%    passed     99.90%
 202  Delta_AY.39         11.10%    passed     94.82%
 203  Delta_AY.9           7.33%    passed     89.49%
 204  Delta_AY.5           2.69%    passed     99.51%
 205  Delta_AY.120.2      10.33%    passed     92.18%
 206  Delta_AY.79         20.30%    passed     84.41%
 207  Delta_AY.7           2.70%    passed     99.42%
 208  Delta_AY.122         2.70%    passed     99.59%
 209  Delta_AY.111         4.65%    passed     96.57%
 210  Delta_AY.98          5.50%    passed     96.28%
 211  Delta_AY.11          2.28%    passed     99.98%
 212  Delta_AY.4           4.05%    passed     99.31%
 213  Delta_AY.3           0.75%    passed     99.90%
 214  Delta_AY.2           0.54%    passed     99.84%
 215  Delta_AY.25          3.21%    passed     96.95%
 216  Delta_AY.44          0.60%    passed     99.81%
 217  Delta_AY.120         0.84%    passed     99.56%
 218  Delta_AY.126         0.99%    passed     99.67%
 219  Delta_AY.57          3.53%    passed     98.39%
 220  Delta_AY.8           0.79%    passed     99.90%
 221  Delta_B.1.617.2      0.62%    passed     99.67%
 222  Gamma_P.1.11         0.62%    passed     99.82%
 223  Gamma_P.1.16         1.72%    passed     99.91%
 224  Gamma_P.1.4          1.20%    passed     99.97%
 225  Gamma_P.1.9          0.59%    passed     99.67%
 226  Gamma_P.1.12.1       0.58%    passed     99.90%
 227  Gamma_P.1.7          0.89%    passed     99.72%
 228  Gamma_P.1.7.1        1.87%    passed     99.40%
 229  Gamma_P.1.14         0.61%    passed     99.87%
 230  Gamma_P.1.13         0.99%    passed     99.83%
 231  Gamma_P.1.2          0.40%    passed     99.53%
 232  Gamma_P.1.12         0.76%    passed     99.88%
 233  Gamma_P.1.15         0.59%    passed     99.76%
 234  Gamma_P.1.1          0.99%    passed     99.80%
 235  Gamma_P.1.10         0.99%    passed     99.87%
 236  Gamma_P.1.17         0.42%    passed     99.62%
 237  Gamma_P.1            0.62%    passed     99.81%
 238  Lambda_C.37.1        0.68%    passed     99.82%
 239  Lambda_C.37          1.51%    passed     99.79%
 240  Omicron_BA.2.11      0.52%    passed     98.79%
 241  Omicron_XQ           0.94%    passed     99.43%
 242  Omicron_BA.2.3.1     0.52%    passed     98.83%
 243  Omicron_XL           1.05%    passed     99.81%
 244  Omicron_BA.2.28      1.19%    passed     99.35%
 245  Omicron_BA.2.13      0.94%    passed     99.24%
 246  Omicron_BA.5         0.96%    passed     99.47%
 247  Omicron_BA.4         0.99%    passed     99.49%
 248  Omicron_XN           0.93%    passed     99.33%
 249  Omicron_BA.1.4      12.15%    passed     99.06%
 250  Omicron_BA.2.24      7.14%    passed     93.94%
 251  Omicron_BA.1.1.5    26.81%    passed     67.74%
 252  Omicron_BA.3         1.99%    passed     99.91%
 253  Omicron_BA.2.9.1     0.81%    passed     99.40%
 254  Omicron_BA.2.15      0.96%    passed     99.37%
 255  Omicron_BA.2.29      0.94%    passed     99.42%
 256  Omicron_BA.2.19      1.27%    passed     97.33%
 257  Omicron_BA.2.33     10.01%    passed     96.08%
 258  Omicron_BA.2.16      0.96%    passed     99.53%
 259  Omicron_BA.2.22     17.69%    passed     92.39%
 260  Omicron_BA.2.14      1.25%    passed     99.41%
 261  Omicron_BA.2.18      0.52%    passed     99.11%
 262  Omicron_BA.2.30      0.99%    passed     99.23%
 263  Omicron_BA.2.8       0.94%    passed     99.48%
 264  Omicron_XE           0.80%    passed     99.85%
 265  Omicron_BA.2.20      0.53%    passed     98.82%
 266  Omicron_BA.2.34      0.64%    passed     99.46%
 267  Omicron_BA.2.31      0.94%    passed     99.39%
 268  Omicron_BA.2.17      0.94%    passed     99.32%
 269  Omicron_BA.2.3.2     0.94%    passed     98.88%
 270  Omicron_BA.2.3.4     0.52%    passed     98.74%
 271  Omicron_BA.3.1       0.97%    passed     99.89%
 272  Omicron_BA.2.21      0.93%    passed     99.36%
 273  Omicron_BA.2.26      0.83%    passed     99.00%
 274  Omicron_BA.2.25.1    4.68%    passed     98.91%
 275  Omicron_BA.2.12.1    0.93%    passed     99.33%
 276  Omicron_BA.2.6       0.76%    passed     99.55%
 277  Omicron_BA.1.17.1   15.84%    passed     60.42%
 278  Omicron_BA.1.22     29.41%    passed     33.46%
 279  Omicron_BA.1.2       2.23%    passed     99.98%
 280  Omicron_BA.2.9.2     0.94%    passed     99.16%
 281  Omicron_XG           0.78%    passed     99.55%
 282  Omicron_BA.2.3.3     0.78%    passed     99.47%
 283  Omicron_BA.2.2       0.92%    passed     99.21%
 284  Omicron_BA.2.4       0.67%    passed     99.62%
 285  Omicron_BA.2.5       0.82%    passed     99.08%
 286  Omicron_BA.1.13.1    0.63%    passed     99.96%
 287  Omicron_BA.2.25      0.75%    passed     99.71%
 288  Omicron_BA.2.32      0.67%    passed     99.50%
 289  Omicron_BA.2.23      1.25%    passed     99.55%
 290  Omicron_BA.1.9       1.07%    passed     99.99%
 291  Omicron_BA.2.7       0.94%    passed     97.74%
 292  Omicron_BA.1.1.12    0.94%    passed     99.99%
 293  Omicron_BA.2.1       0.63%    passed     99.32%
 294  Omicron_BA.1.21      3.57%    passed     96.86%
 295  Omicron_BA.1.1.9     0.86%    passed    100.00%
 296  Omicron_BA.1.8       0.59%    passed     99.63%
 297  Omicron_BA.2.27      0.70%    passed     99.32%
 298  Omicron_BA.1.7       0.65%    passed     99.96%
 299  Omicron_BA.1.21.1    1.49%    passed     99.99%
 300  Omicron_XS           1.16%    passed     99.85%
 301  Omicron_BA.1.14.2    1.27%    passed     99.98%
 302  Omicron_BA.2.12      0.79%    passed     99.09%
 303  Omicron_BA.2.10.1    1.14%    passed     99.77%
 304  Omicron_BA.1.12      0.85%    passed     99.98%
 305  Omicron_BA.2.3       0.79%    passed     98.97%
 306  Omicron_BA.1.3       0.70%    passed     99.97%
 307  Omicron_BA.1.1.4     0.84%    passed     99.99%
 308  Omicron_B.1.1.529    1.19%    passed     99.97%
 309  Omicron_BA.2.10      0.79%    passed     99.20%
 310  Omicron_BA.1.1.13    0.97%    passed     99.84%
 311  Omicron_BA.1.5       0.87%    passed     99.99%
 312  Omicron_BA.1.1.11    0.45%    passed     99.40%
 313  Omicron_BA.1.6       0.71%    passed     99.98%
 314  Omicron_BA.2         0.82%    passed     99.19%
 315  Omicron_BA.1.14.1    0.48%    passed     99.89%
 316  Omicron_BA.1.14      1.03%    passed     99.97%
 317  Omicron_BA.1.16      0.80%    passed     99.99%
 318  Omicron_BA.2.9       0.69%    passed     99.28%
 319  Omicron_BA.1.1.7     3.96%    passed     99.14%
 320  Omicron_BA.1.1.1     0.71%    passed     99.96%
 321  Omicron_BA.1.1.16    1.33%    passed     99.96%
 322  Omicron_BA.1.19      0.96%    passed     99.99%
 323  Omicron_BA.1.1.17    1.68%    passed     99.84%
 324  Omicron_BA.1.15.2    0.74%    passed     99.98%
 325  Omicron_BA.1.1.6     0.74%    passed     99.97%
 326  Omicron_BA.1.1.2     0.66%    passed     99.97%
 327  Omicron_BA.1.15.1    1.21%    passed     99.95%
 328  Omicron_BA.1.1.18    0.74%    passed     99.98%
 329  Omicron_BA.1.1.15    0.47%    passed     99.49%
 330  Omicron_BA.1.1.10    0.93%    passed    100.00%
 331  Omicron_BA.1.17      1.01%    passed     99.79%
 332  Omicron_BA.1.1.8     1.58%    passed     99.99%
 333  Omicron_BA.1.18      0.82%    passed    100.00%
 334  Omicron_BA.1.20      0.89%    passed    100.00%
 335  Omicron_BA.1.1.14    0.71%    passed     99.99%
 336  Omicron_BA.1.15      0.55%    passed     99.98%
 337  Omicron_BA.1.1       1.48%    passed     99.63%
 338  Omicron_BA.1.13      0.87%    passed     99.98%
 339  Omicron_BA.1.17.2    0.69%    passed     99.97%
 340  Omicron_BA.1.10      0.74%    passed     99.97%
 341  Omicron_BA.1         1.07%    passed     99.98%
****  TOTAL                3.00%  1 sequences failed composition chi2 test (p-value<5%; df=3)


Create initial parsimony tree by phylogenetic likelihood library (PLL)... 0.118 seconds
Measuring multi-threading efficiency up to 128 CPU cores
Increase to 10 rounds for branch lengths
42 trees examined
Threads: 1 / Time: 128.542 sec / Speedup: 1.000 / Efficiency: 100% / LogL: -111676
Threads: 2 / Time: 92.095 sec / Speedup: 1.396 / Efficiency: 70% / LogL: -111676
Threads: 3 / Time: 53.243 sec / Speedup: 2.414 / Efficiency: 80% / LogL: -111676
Threads: 4 / Time: 42.990 sec / Speedup: 2.990 / Efficiency: 75% / LogL: -111676
Threads: 5 / Time: 39.701 sec / Speedup: 3.238 / Efficiency: 65% / LogL: -111676
Threads: 6 / Time: 35.656 sec / Speedup: 3.605 / Efficiency: 60% / LogL: -111676
Threads: 7 / Time: 32.751 sec / Speedup: 3.925 / Efficiency: 56% / LogL: -111676
Threads: 8 / Time: 31.504 sec / Speedup: 4.080 / Efficiency: 51% / LogL: -111676
Threads: 9 / Time: 30.516 sec / Speedup: 4.212 / Efficiency: 47% / LogL: -111676
BEST NUMBER OF THREADS: 7

Perform fast likelihood tree search using GTR+I+G model...
Estimate model parameters (epsilon = 5.000)
Perform nearest neighbor interchange...
Estimate model parameters (epsilon = 1.000)
1. Initial log-likelihood: -63952.690
Optimal log-likelihood: -63952.497
Rate parameters:  A-C: 0.21527  A-G: 1.00095  A-T: 0.15139  C-G: 0.21203  C-T: 2.49932  G-T: 1.00000
Base frequencies:  A: 0.299  C: 0.183  G: 0.196  T: 0.322
Proportion of invariable sites: 0.473
Gamma shape alpha: 0.254
Parameters optimization took 1 rounds (0.382 sec)
Time for fast ML tree search: 5.786 seconds

NOTE: ModelFinder requires 699 MB RAM!
ModelFinder will test up to 286 DNA models (sample size: 30005) ...
 No. Model         -LnL         df  AIC          AICc         BIC
  1  GTR+F         64623.570    687 130621.141   130653.385   136329.506
  2  GTR+F+I       63980.100    688 129336.200   129368.539   135052.874
  3  GTR+F+G4      64034.169    688 129444.339   129476.678   135161.013
  4  GTR+F+I+G4    63936.364    689 129250.727   129283.162   134975.710
  5  GTR+F+R2      63821.581    689 129021.161   129053.596   134746.144
  6  GTR+F+R3      63821.040    691 129024.080   129056.706   134765.682
 18  SYM+R2        64947.260    686 131266.520   131298.670   136966.576
 31  TVM+F+R2      63957.004    688 129290.009   129322.348   135006.683
 44  TVMe+R2       65092.151    685 131554.303   131586.358   137246.049
 57  TIM3+F+R2     64007.069    687 129388.137   129420.382   135096.502
 70  TIM3e+R2      65083.016    684 131534.031   131565.992   137217.469
 83  TIM2+F+R2     63926.051    687 129226.103   129258.347   134934.467
 96  TIM2e+R2      65125.044    684 131618.088   131650.049   137301.526
109  TIM+F+R2      63939.434    687 129252.868   129285.112   134961.233
122  TIMe+R2       65094.376    684 131556.752   131588.713   137240.190
135  TPM3u+F+R2    64147.437    686 129666.875   129699.025   135366.931
148  TPM3+F+R2     64147.437    686 129666.875   129699.025   135366.931
161  TPM2u+F+R2    64070.219    686 129512.437   129544.587   135212.493
174  TPM2+F+R2     64070.219    686 129512.437   129544.587   135212.493
187  K3Pu+F+R2     64089.896    686 129551.793   129583.942   135251.848
200  K3P+R2        65247.481    683 131860.962   131892.828   137536.091
213  TN+F+R2       64059.592    686 129491.184   129523.334   135191.240
226  TNe+R2        65207.462    683 131780.925   131812.791   137456.053
239  HKY+F+R2      64209.696    685 129789.392   129821.447   135481.139
252  K2P+R2        65360.560    682 132085.119   132116.891   137751.938
265  F81+F+R2      64869.340    684 131106.680   131138.640   136790.117
278  JC+R2         66014.186    681 133390.373   133422.050   139048.883
Akaike Information Criterion:           GTR+F+R2
Corrected Akaike Information Criterion: GTR+F+R2
Bayesian Information Criterion:         GTR+F+R2
Best-fit model: GTR+F+R2 chosen according to BIC

All model information printed to SARS-CoV-2.MSA.model.gz
CPU time for ModelFinder: 2768.849 seconds (0h:46m:8s)
Wall-clock time for ModelFinder: 631.263 seconds (0h:10m:31s)
Generating 1000 samples for ultrafast bootstrap (seed: 649527)...

NOTE: 158 MB RAM (0 GB) is required!
Estimate model parameters (epsilon = 0.100)
1. Initial log-likelihood: -63821.581
Optimal log-likelihood: -63821.547
Rate parameters:  A-C: 0.22167  A-G: 0.99305  A-T: 0.15535  C-G: 0.21171  C-T: 2.59173  G-T: 1.00000
Base frequencies:  A: 0.299  C: 0.183  G: 0.196  T: 0.322
Site proportion and rates:  (0.979,0.597) (0.021,19.553)
Parameters optimization took 1 rounds (0.578 sec)
Computing ML distances based on estimated model parameters...
Computing ML distances took 0.330742 sec (of wall-clock time) 2.172184 sec(of CPU time)
Computing RapidNJ tree took 1.286777 sec (of wall-clock time) 5.833337 sec (of CPU time)
Log-likelihood of RapidNJ tree: -64258.727
--------------------------------------------------------------------
|             INITIALIZING CANDIDATE TREE SET                      |
--------------------------------------------------------------------
Generating 98 parsimony trees... 13.062 second
Computing log-likelihood of 98 initial trees ... 8.586 seconds
Current best score: -63797.444

Do NNI search on 20 best initial trees
Estimate model parameters (epsilon = 0.100)
BETTER TREE FOUND at iteration 1: -63762.622
Iteration 10 / LogL: -63784.735 / Time: 0h:1m:19s
Iteration 20 / LogL: -63800.942 / Time: 0h:2m:18s
Finish initializing candidate tree set (20)
Current best tree score: -63762.622 / CPU time: 135.563
Number of iterations: 20
--------------------------------------------------------------------
|               OPTIMIZING CANDIDATE TREE SET                      |
--------------------------------------------------------------------
Estimate model parameters (epsilon = 0.100)
BETTER TREE FOUND at iteration 25: -63760.688
Iteration 30 / LogL: -63811.000 / Time: 0h:2m:46s (0h:9m:4s left)
Estimate model parameters (epsilon = 0.100)
BETTER TREE FOUND at iteration 34: -63758.882
Iteration 40 / LogL: -63769.295 / Time: 0h:3m:17s (0h:7m:56s left)
Estimate model parameters (epsilon = 0.100)
BETTER TREE FOUND at iteration 47: -63751.123
Iteration 50 / LogL: -63794.932 / Time: 0h:3m:47s (0h:7m:30s left)
Log-likelihood cutoff on original alignment: -63847.782
Iteration 60 / LogL: -63764.945 / Time: 0h:4m:15s (0h:6m:16s left)
Estimate model parameters (epsilon = 0.100)
BETTER TREE FOUND at iteration 67: -63743.088
Iteration 70 / LogL: -63762.141 / Time: 0h:4m:42s (0h:6m:36s left)
Iteration 80 / LogL: -63792.750 / Time: 0h:5m:12s (0h:5m:44s left)
Iteration 90 / LogL: -63767.111 / Time: 0h:5m:41s (0h:4m:55s left)
Iteration 100 / LogL: -63773.273 / Time: 0h:6m:8s (0h:4m:9s left)
Log-likelihood cutoff on original alignment: -63847.782
NOTE: Bootstrap correlation coefficient of split occurrence frequencies: 0.988
NOTE: UFBoot does not converge, continue at least 100 more iterations
Iteration 110 / LogL: -63750.865 / Time: 0h:6m:46s (0h:5m:35s left)
Estimate model parameters (epsilon = 0.100)
BETTER TREE FOUND at iteration 115: -63741.028
Iteration 120 / LogL: -63755.112 / Time: 0h:7m:23s (0h:5m:54s left)
Iteration 130 / LogL: -63770.685 / Time: 0h:7m:59s (0h:5m:15s left)
Iteration 140 / LogL: -63746.729 / Time: 0h:8m:29s (0h:4m:35s left)
Iteration 150 / LogL: -63746.437 / Time: 0h:8m:59s (0h:3m:55s left)
Log-likelihood cutoff on original alignment: -63847.782
Iteration 160 / LogL: -63792.961 / Time: 0h:9m:33s (0h:3m:18s left)
Iteration 170 / LogL: -63760.008 / Time: 0h:10m:0s (0h:2m:39s left)
Iteration 180 / LogL: -63808.484 / Time: 0h:10m:30s (0h:2m:3s left)
Iteration 190 / LogL: -63743.627 / Time: 0h:11m:2s (0h:1m:27s left)
Estimate model parameters (epsilon = 0.100)
BETTER TREE FOUND at iteration 195: -63740.682
Iteration 200 / LogL: -63781.611 / Time: 0h:11m:34s (0h:5m:31s left)
Log-likelihood cutoff on original alignment: -63847.782
NOTE: Bootstrap correlation coefficient of split occurrence frequencies: 0.987
NOTE: UFBoot does not converge, continue at least 100 more iterations
Iteration 210 / LogL: -63761.667 / Time: 0h:12m:3s (0h:5m:11s left)
Estimate model parameters (epsilon = 0.100)
BETTER TREE FOUND at iteration 212: -63739.051
Iteration 220 / LogL: -63740.778 / Time: 0h:12m:33s (0h:5m:16s left)
Iteration 230 / LogL: -63753.344 / Time: 0h:13m:2s (0h:4m:40s left)
Estimate model parameters (epsilon = 0.100)
BETTER TREE FOUND at iteration 240: -63735.528
Iteration 240 / LogL: -63735.528 / Time: 0h:13m:28s (0h:5m:38s left)
Iteration 250 / LogL: -63791.445 / Time: 0h:13m:54s (0h:5m:1s left)
Log-likelihood cutoff on original alignment: -63843.553
Iteration 260 / LogL: -63767.341 / Time: 0h:14m:22s (0h:4m:26s left)
Iteration 270 / LogL: -63750.781 / Time: 0h:14m:50s (0h:3m:51s left)
Iteration 280 / LogL: -63753.780 / Time: 0h:15m:17s (0h:3m:17s left)
Iteration 290 / LogL: -63747.204 / Time: 0h:15m:44s (0h:2m:43s left)
Estimate model parameters (epsilon = 0.100)
BETTER TREE FOUND at iteration 299: -63734.612
Iteration 300 / LogL: -63741.110 / Time: 0h:16m:12s (0h:5m:22s left)
Log-likelihood cutoff on original alignment: -63843.553
NOTE: Bootstrap correlation coefficient of split occurrence frequencies: 0.989
NOTE: UFBoot does not converge, continue at least 100 more iterations
Iteration 310 / LogL: -63771.522 / Time: 0h:16m:43s (0h:4m:52s left)
Iteration 320 / LogL: -63753.492 / Time: 0h:17m:13s (0h:4m:19s left)
Iteration 330 / LogL: -63817.184 / Time: 0h:17m:40s (0h:3m:45s left)
Estimate model parameters (epsilon = 0.100)
BETTER TREE FOUND at iteration 332: -63734.212
Iteration 340 / LogL: -63764.541 / Time: 0h:18m:9s (0h:4m:55s left)
Iteration 350 / LogL: -63754.228 / Time: 0h:18m:37s (0h:4m:22s left)
Log-likelihood cutoff on original alignment: -63843.553
Iteration 360 / LogL: -63810.486 / Time: 0h:19m:6s (0h:3m:49s left)
Estimate model parameters (epsilon = 0.100)
BETTER TREE FOUND at iteration 370: -63731.505
Iteration 370 / LogL: -63731.505 / Time: 0h:19m:35s (0h:5m:18s left)
Iteration 380 / LogL: -63796.278 / Time: 0h:20m:4s (0h:4m:46s left)
Iteration 390 / LogL: -63760.951 / Time: 0h:20m:33s (0h:4m:13s left)
Iteration 400 / LogL: -63754.689 / Time: 0h:21m:3s (0h:3m:41s left)
Log-likelihood cutoff on original alignment: -63843.553
NOTE: Bootstrap correlation coefficient of split occurrence frequencies: 0.986
NOTE: UFBoot does not converge, continue at least 100 more iterations
Estimate model parameters (epsilon = 0.100)
BETTER TREE FOUND at iteration 407: -63730.292
Iteration 410 / LogL: -63762.200 / Time: 0h:21m:34s (0h:5m:7s left)

******************************************************
CHECKPOINT: Resuming analysis from SARS-CoV-2.MSA.ckp.gz

IQ-TREE multicore version 2.1.4-beta COVID-edition for Linux 64-bit built Jun 24 2021
Developed by Bui Quang Minh, James Barbetti, Nguyen Lam Tung,
Olga Chernomor, Heiko Schmidt, Dominik Schrempf, Michael Woodhams.

Host:    gnode01 (AVX2, FMA3, 2003 GB RAM)
Command: iqtree2 -s SARS-CoV-2.MSA --alrt 1000 -B 1000 -T AUTO
Seed:    606206 (Using SPRNG - Scalable Parallel Random Number Generator)
Time:    Mon Jun 13 13:21:10 2022
Kernel:  AVX+FMA - auto-detect threads (128 CPU cores detected)

Reading alignment file SARS-CoV-2.MSA ... Fasta format detected
Alignment most likely contains DNA/RNA sequences
WARNING: 79 sites contain only gaps or ambiguous characters.
Alignment has 341 sequences with 30005 columns, 6110 distinct patterns
503 parsimony-informative, 1347 singleton sites, 28155 constant sites
                   Gap/Ambiguity  Composition  p-value
   1  Alpha_Q.7            0.76%    passed     99.38%
   2  Alpha_Q.4            6.06%    passed     98.54%
   3  Alpha_C.36.3         0.74%    passed     99.80%
   4  Alpha_Q.1            0.81%    passed     99.95%
   5  Alpha_B.1.1.318      0.84%    passed     99.90%
   6  Alpha_Q.6            0.54%    passed     99.93%
   7  Alpha_Q.8            1.03%    passed     99.87%
   8  Alpha_Q.2            0.52%    passed     99.94%
   9  Alpha_B.1.1.7        0.81%    passed     99.93%
  10  Alpha_Q.3            1.00%    passed     99.67%
  11  Beta_B.1.351.2       1.12%    passed     99.85%
  12  Beta_B.1.351.3       0.98%    passed     99.85%
  13  Beta_B.1.351         0.61%    passed     99.76%
  14  Delta_AY.4.12        1.02%    passed     99.82%
  15  Delta_AY.46.3        0.63%    passed     99.71%
  16  Delta_AY.43.5        1.06%    passed     99.84%
  17  Delta_AY.33.1        1.27%    passed     99.84%
  18  Delta_AY.28          0.87%    passed     99.95%
  19  Delta_AY.122.5       0.89%    passed     99.90%
  20  Delta_AY.78          1.05%    passed     99.94%
  21  Delta_XD             1.33%    passed     99.60%
  22  Delta_AY.66          1.06%    passed     99.94%
  23  Delta_AY.16.1        1.06%    passed     99.85%
  24  Delta_AY.82          9.37%    passed     94.34%
  25  Delta_AY.9.2.2       0.89%    passed     99.90%
  26  Delta_AY.19          0.40%    passed     99.91%
  27  Delta_AY.103         1.08%    passed     99.85%
  28  Delta_AY.43.6        7.81%    passed     90.37%
  29  Delta_AY.49          2.02%    passed     99.01%
  30  Delta_AY.36.1        1.39%    passed     99.65%
  31  Delta_AY.61          1.05%    passed     99.95%
  32  Delta_AY.73          0.66%    passed     99.89%
  33  Delta_AY.29.2        0.66%    passed     99.87%
  34  Delta_AY.75.3        0.64%    passed     99.94%
  35  Delta_AY.59          1.36%    passed     99.83%
  36  Delta_AY.29.1        0.41%    passed     99.91%
  37  Delta_AY.33.2        0.80%    passed     99.82%
  38  Delta_AY.39.1.1      0.85%    passed     99.98%
  39  Delta_AY.4.2.5       9.63%    passed     97.92%
  40  Delta_AY.122.2       1.79%    passed     99.90%
  41  Delta_AY.133         0.65%    passed     99.48%
  42  Delta_AY.104         0.66%    passed     99.63%
  43  Delta_AY.22          1.25%    passed     99.62%
  44  Delta_AY.95          0.90%    passed     99.77%
  45  Delta_AY.75.2        0.64%    passed     99.84%
  46  Delta_AY.4.10        0.55%    passed     99.74%
  47  Delta_AY.86          0.65%    passed     99.81%
  48  Delta_AY.23.1        0.96%    passed     99.96%
  49  Delta_AY.43.1        0.65%    passed     99.71%
  50  Delta_AY.112.2       0.66%    passed     99.55%
  51  Delta_AY.15          0.84%    passed     99.79%
  52  Delta_AY.43.7       24.88%    failed      1.64%
  53  Delta_AY.39.3       21.54%    passed     81.25%
  54  Delta_AY.116         1.01%    passed     99.97%
  55  Delta_AY.52          0.48%    passed     99.87%
  56  Delta_AY.124.1       0.65%    passed     99.44%
  57  Delta_AY.5.6         0.80%    passed     99.82%
  58  Delta_AY.122.6       0.70%    passed     99.63%
  59  Delta_AY.99.1        0.79%    passed     99.79%
  60  Delta_AY.85          0.64%    passed     99.53%
  61  Delta_AY.25.1.1      0.65%    passed     99.72%
  62  Delta_AY.92          0.79%    passed     99.78%
  63  Delta_AY.67          0.79%    passed     99.92%
  64  Delta_AY.102         0.79%    passed     99.84%
  65  Delta_AY.99.2        0.75%    passed     99.87%
  66  Delta_AY.39.2        1.22%    passed     99.68%
  67  Delta_AY.122.1       0.58%    passed     99.85%
  68  Delta_AY.3.4         1.56%    passed     99.53%
  69  Delta_AY.20.1        1.54%    passed     99.88%
  70  Delta_AY.128         2.11%    passed     99.11%
  71  Delta_AY.121.1       1.05%    passed     99.99%
  72  Delta_AY.81          0.65%    passed     99.71%
  73  Delta_AY.83          0.79%    passed     99.84%
  74  Delta_AY.119.1       0.79%    passed     99.68%
  75  Delta_AY.122.4       0.65%    passed     99.69%
  76  Delta_AY.25.1.2      0.69%    passed     99.81%
  77  Delta_AY.124.1.1     0.60%    passed     99.70%
  78  Delta_AY.46.1        0.88%    passed     99.78%
  79  Delta_AY.27          0.77%    passed     99.98%
  80  Delta_AY.16          0.60%    passed     99.69%
  81  Delta_AY.4.2.4      29.25%    passed     16.20%
  82  Delta_AY.43.2       20.45%    passed     29.44%
  83  Delta_AY.4.13        2.00%    passed     99.98%
  84  Delta_AY.91          2.87%    passed     98.91%
  85  Delta_AY.127.1       1.60%    passed     99.69%
  86  Delta_AY.43.4        1.68%    passed     99.86%
  87  Delta_AY.43.9        1.49%    passed     99.78%
  88  Delta_AY.4.2.3       0.77%    passed     99.76%
  89  Delta_AY.43.8        0.81%    passed     99.84%
  90  Delta_AY.105         0.59%    passed     99.73%
  91  Delta_AY.23.2        0.41%    passed     99.87%
  92  Delta_AY.7.1         3.01%    passed     99.79%
  93  Delta_AY.101        14.94%    passed     91.77%
  94  Delta_AY.72          0.77%    passed     99.83%
  95  Delta_AY.80          3.10%    passed     96.30%
  96  Delta_AY.4.11        4.73%    passed     96.59%
  97  Delta_AY.112.1       0.87%    passed     99.79%
  98  Delta_AY.5.2         4.45%    passed     98.54%
  99  Delta_AY.30          0.51%    passed     99.96%
 100  Delta_AY.24          0.74%    passed     99.87%
 101  Delta_AY.109         1.65%    passed     99.42%
 102  Delta_AY.5.4         1.50%    passed     99.73%
 103  Delta_AY.10         19.64%    passed     59.90%
 104  Delta_AY.43.3       15.55%    passed     74.45%
 105  Delta_AY.125.1       3.60%    passed     98.57%
 106  Delta_AY.50         12.58%    passed     76.49%
 107  Delta_AY.23          1.02%    passed     99.94%
 108  Delta_AY.4.2.2       0.79%    passed     99.90%
 109  Delta_AY.34.2        0.78%    passed     99.62%
 110  Delta_AY.5.5         1.44%    passed     99.98%
 111  Delta_AY.5.3         0.85%    passed     99.62%
 112  Delta_AY.3.3         1.24%    passed     99.36%
 113  Delta_AY.120.2.1     5.83%    passed     93.84%
 114  Delta_AY.46.6        0.68%    passed     99.89%
 115  Delta_AY.34.1        1.65%    passed     99.55%
 116  Delta_AY.69          0.62%    passed     99.86%
 117  Delta_AY.124         0.67%    passed     99.72%
 118  Delta_AY.60          0.63%    passed     99.79%
 119  Delta_AY.53          0.84%    passed     99.88%
 120  Delta_AY.129         0.39%    passed     99.89%
 121  Delta_AY.41          1.19%    passed     99.86%
 122  Delta_AY.4.4         0.51%    passed     99.67%
 123  Delta_AY.68          4.49%    passed     98.11%
 124  Delta_AY.77          0.80%    passed     99.63%
 125  Delta_AY.37          0.42%    passed     99.91%
 126  Delta_AY.1           0.45%    passed     99.86%
 127  Delta_AY.76          7.35%    passed     93.11%
 128  Delta_AY.125         0.80%    passed     99.80%
 129  Delta_AY.55         21.12%    passed     79.36%
 130  Delta_AY.51          1.54%    passed     99.06%
 131  Delta_AY.74          0.68%    passed     99.93%
 132  Delta_AY.127         0.34%    passed     99.44%
 133  Delta_AY.121         0.34%    passed     99.73%
 134  Delta_AY.34          0.66%    passed     99.75%
 135  Delta_AY.4.2.1       2.68%    passed     99.66%
 136  Delta_AY.99          8.57%    passed     90.80%
 137  Delta_AY.108         0.63%    passed     99.87%
 138  Delta_AY.34.1.1      0.62%    passed     99.77%
 139  Delta_AY.36          3.22%    passed     99.46%
 140  Delta_AY.116.1       0.74%    passed     99.86%
 141  Delta_AY.107         1.38%    passed     99.75%
 142  Delta_AY.62          0.84%    passed     99.69%
 143  Delta_AY.48          0.84%    passed     99.89%
 144  Delta_AY.120.1       0.99%    passed     99.18%
 145  Delta_AY.64          0.92%    passed     99.96%
 146  Delta_AY.106        24.95%    passed     52.36%
 147  Delta_AY.4.8         1.73%    passed     99.96%
 148  Delta_AY.71         11.78%    passed     99.55%
 149  Delta_AY.20          0.86%    passed     99.63%
 150  Delta_AY.113         0.85%    passed     99.59%
 151  Delta_AY.29          0.39%    passed     99.89%
 152  Delta_AY.7.2        23.63%    passed     90.46%
 153  Delta_AY.98.1        1.23%    passed     99.88%
 154  Delta_AY.4.6        23.96%    passed     25.15%
 155  Delta_AY.17          2.39%    passed     99.59%
 156  Delta_AY.45          1.65%    passed     99.85%
 157  Delta_AY.94         28.16%    passed     92.54%
 158  Delta_AY.42          3.46%    passed     97.53%
 159  Delta_AY.4.5         2.69%    passed     99.34%
 160  Delta_AY.5.1         9.82%    passed     84.35%
 161  Delta_AY.9.2         2.14%    passed     99.61%
 162  Delta_AY.117         1.02%    passed     99.06%
 163  Delta_AY.100         0.85%    passed     99.67%
 164  Delta_AY.114         0.89%    passed     99.79%
 165  Delta_AY.118         0.80%    passed     99.79%
 166  Delta_AY.14          0.70%    passed     99.77%
 167  Delta_AY.25.3        0.79%    passed     99.73%
 168  Delta_AY.46.4        0.81%    passed     99.76%
 169  Delta_AY.54          0.80%    passed     99.78%
 170  Delta_AY.119.2       0.75%    passed     99.84%
 171  Delta_AY.110         0.80%    passed     99.75%
 172  Delta_AY.25.1        0.78%    passed     99.70%
 173  Delta_AY.4.3         2.63%    passed     99.65%
 174  Delta_AY.84         27.68%    passed     72.89%
 175  Delta_AY.47          0.62%    passed     99.76%
 176  Delta_AY.119         0.50%    passed     99.68%
 177  Delta_AY.4.7        11.10%    passed     38.41%
 178  Delta_AY.43          0.62%    passed     99.95%
 179  Delta_AY.4.9         1.45%    passed     99.05%
 180  Delta_AY.38          0.65%    passed     99.92%
 181  Delta_AY.26          1.23%    passed     99.94%
 182  Delta_AY.46.5        2.05%    passed     98.31%
 183  Delta_AY.75          3.13%    passed     96.61%
 184  Delta_AY.39.1       24.06%    passed     91.31%
 185  Delta_AY.87          1.63%    passed     99.81%
 186  Delta_AY.88          2.15%    passed     99.70%
 187  Delta_AY.32         29.66%    passed     19.26%
 188  Delta_AY.46.2       18.12%    passed     22.38%
 189  Delta_AY.65          2.66%    passed     99.67%
 190  Delta_AY.33         22.52%    passed     25.26%
 191  Delta_AY.70          2.50%    passed     98.57%
 192  Delta_AY.112        16.37%    passed     50.45%
 193  Delta_AY.46          1.77%    passed     99.96%
 194  Delta_AY.4.2         1.68%    passed     99.86%
 195  Delta_AY.90          1.60%    passed     99.71%
 196  Delta_AY.4.1         1.45%    passed     99.88%
 197  Delta_AY.58          2.15%    passed     99.51%
 198  Delta_AY.6           1.64%    passed     99.73%
 199  Delta_AY.35          0.77%    passed     99.90%
 200  Delta_AY.13          0.48%    passed     99.80%
 201  Delta_AY.3.1         0.51%    passed     99.90%
 202  Delta_AY.39         11.10%    passed     94.82%
 203  Delta_AY.9           7.33%    passed     89.49%
 204  Delta_AY.5           2.69%    passed     99.51%
 205  Delta_AY.120.2      10.33%    passed     92.18%
 206  Delta_AY.79         20.30%    passed     84.41%
 207  Delta_AY.7           2.70%    passed     99.42%
 208  Delta_AY.122         2.70%    passed     99.59%
 209  Delta_AY.111         4.65%    passed     96.57%
 210  Delta_AY.98          5.50%    passed     96.28%
 211  Delta_AY.11          2.28%    passed     99.98%
 212  Delta_AY.4           4.05%    passed     99.31%
 213  Delta_AY.3           0.75%    passed     99.90%
 214  Delta_AY.2           0.54%    passed     99.84%
 215  Delta_AY.25          3.21%    passed     96.95%
 216  Delta_AY.44          0.60%    passed     99.81%
 217  Delta_AY.120         0.84%    passed     99.56%
 218  Delta_AY.126         0.99%    passed     99.67%
 219  Delta_AY.57          3.53%    passed     98.39%
 220  Delta_AY.8           0.79%    passed     99.90%
 221  Delta_B.1.617.2      0.62%    passed     99.67%
 222  Gamma_P.1.11         0.62%    passed     99.82%
 223  Gamma_P.1.16         1.72%    passed     99.91%
 224  Gamma_P.1.4          1.20%    passed     99.97%
 225  Gamma_P.1.9          0.59%    passed     99.67%
 226  Gamma_P.1.12.1       0.58%    passed     99.90%
 227  Gamma_P.1.7          0.89%    passed     99.72%
 228  Gamma_P.1.7.1        1.87%    passed     99.40%
 229  Gamma_P.1.14         0.61%    passed     99.87%
 230  Gamma_P.1.13         0.99%    passed     99.83%
 231  Gamma_P.1.2          0.40%    passed     99.53%
 232  Gamma_P.1.12         0.76%    passed     99.88%
 233  Gamma_P.1.15         0.59%    passed     99.76%
 234  Gamma_P.1.1          0.99%    passed     99.80%
 235  Gamma_P.1.10         0.99%    passed     99.87%
 236  Gamma_P.1.17         0.42%    passed     99.62%
 237  Gamma_P.1            0.62%    passed     99.81%
 238  Lambda_C.37.1        0.68%    passed     99.82%
 239  Lambda_C.37          1.51%    passed     99.79%
 240  Omicron_BA.2.11      0.52%    passed     98.79%
 241  Omicron_XQ           0.94%    passed     99.43%
 242  Omicron_BA.2.3.1     0.52%    passed     98.83%
 243  Omicron_XL           1.05%    passed     99.81%
 244  Omicron_BA.2.28      1.19%    passed     99.35%
 245  Omicron_BA.2.13      0.94%    passed     99.24%
 246  Omicron_BA.5         0.96%    passed     99.47%
 247  Omicron_BA.4         0.99%    passed     99.49%
 248  Omicron_XN           0.93%    passed     99.33%
 249  Omicron_BA.1.4      12.15%    passed     99.06%
 250  Omicron_BA.2.24      7.14%    passed     93.94%
 251  Omicron_BA.1.1.5    26.81%    passed     67.74%
 252  Omicron_BA.3         1.99%    passed     99.91%
 253  Omicron_BA.2.9.1     0.81%    passed     99.40%
 254  Omicron_BA.2.15      0.96%    passed     99.37%
 255  Omicron_BA.2.29      0.94%    passed     99.42%
 256  Omicron_BA.2.19      1.27%    passed     97.33%
 257  Omicron_BA.2.33     10.01%    passed     96.08%
 258  Omicron_BA.2.16      0.96%    passed     99.53%
 259  Omicron_BA.2.22     17.69%    passed     92.39%
 260  Omicron_BA.2.14      1.25%    passed     99.41%
 261  Omicron_BA.2.18      0.52%    passed     99.11%
 262  Omicron_BA.2.30      0.99%    passed     99.23%
 263  Omicron_BA.2.8       0.94%    passed     99.48%
 264  Omicron_XE           0.80%    passed     99.85%
 265  Omicron_BA.2.20      0.53%    passed     98.82%
 266  Omicron_BA.2.34      0.64%    passed     99.46%
 267  Omicron_BA.2.31      0.94%    passed     99.39%
 268  Omicron_BA.2.17      0.94%    passed     99.32%
 269  Omicron_BA.2.3.2     0.94%    passed     98.88%
 270  Omicron_BA.2.3.4     0.52%    passed     98.74%
 271  Omicron_BA.3.1       0.97%    passed     99.89%
 272  Omicron_BA.2.21      0.93%    passed     99.36%
 273  Omicron_BA.2.26      0.83%    passed     99.00%
 274  Omicron_BA.2.25.1    4.68%    passed     98.91%
 275  Omicron_BA.2.12.1    0.93%    passed     99.33%
 276  Omicron_BA.2.6       0.76%    passed     99.55%
 277  Omicron_BA.1.17.1   15.84%    passed     60.42%
 278  Omicron_BA.1.22     29.41%    passed     33.46%
 279  Omicron_BA.1.2       2.23%    passed     99.98%
 280  Omicron_BA.2.9.2     0.94%    passed     99.16%
 281  Omicron_XG           0.78%    passed     99.55%
 282  Omicron_BA.2.3.3     0.78%    passed     99.47%
 283  Omicron_BA.2.2       0.92%    passed     99.21%
 284  Omicron_BA.2.4       0.67%    passed     99.62%
 285  Omicron_BA.2.5       0.82%    passed     99.08%
 286  Omicron_BA.1.13.1    0.63%    passed     99.96%
 287  Omicron_BA.2.25      0.75%    passed     99.71%
 288  Omicron_BA.2.32      0.67%    passed     99.50%
 289  Omicron_BA.2.23      1.25%    passed     99.55%
 290  Omicron_BA.1.9       1.07%    passed     99.99%
 291  Omicron_BA.2.7       0.94%    passed     97.74%
 292  Omicron_BA.1.1.12    0.94%    passed     99.99%
 293  Omicron_BA.2.1       0.63%    passed     99.32%
 294  Omicron_BA.1.21      3.57%    passed     96.86%
 295  Omicron_BA.1.1.9     0.86%    passed    100.00%
 296  Omicron_BA.1.8       0.59%    passed     99.63%
 297  Omicron_BA.2.27      0.70%    passed     99.32%
 298  Omicron_BA.1.7       0.65%    passed     99.96%
 299  Omicron_BA.1.21.1    1.49%    passed     99.99%
 300  Omicron_XS           1.16%    passed     99.85%
 301  Omicron_BA.1.14.2    1.27%    passed     99.98%
 302  Omicron_BA.2.12      0.79%    passed     99.09%
 303  Omicron_BA.2.10.1    1.14%    passed     99.77%
 304  Omicron_BA.1.12      0.85%    passed     99.98%
 305  Omicron_BA.2.3       0.79%    passed     98.97%
 306  Omicron_BA.1.3       0.70%    passed     99.97%
 307  Omicron_BA.1.1.4     0.84%    passed     99.99%
 308  Omicron_B.1.1.529    1.19%    passed     99.97%
 309  Omicron_BA.2.10      0.79%    passed     99.20%
 310  Omicron_BA.1.1.13    0.97%    passed     99.84%
 311  Omicron_BA.1.5       0.87%    passed     99.99%
 312  Omicron_BA.1.1.11    0.45%    passed     99.40%
 313  Omicron_BA.1.6       0.71%    passed     99.98%
 314  Omicron_BA.2         0.82%    passed     99.19%
 315  Omicron_BA.1.14.1    0.48%    passed     99.89%
 316  Omicron_BA.1.14      1.03%    passed     99.97%
 317  Omicron_BA.1.16      0.80%    passed     99.99%
 318  Omicron_BA.2.9       0.69%    passed     99.28%
 319  Omicron_BA.1.1.7     3.96%    passed     99.14%
 320  Omicron_BA.1.1.1     0.71%    passed     99.96%
 321  Omicron_BA.1.1.16    1.33%    passed     99.96%
 322  Omicron_BA.1.19      0.96%    passed     99.99%
 323  Omicron_BA.1.1.17    1.68%    passed     99.84%
 324  Omicron_BA.1.15.2    0.74%    passed     99.98%
 325  Omicron_BA.1.1.6     0.74%    passed     99.97%
 326  Omicron_BA.1.1.2     0.66%    passed     99.97%
 327  Omicron_BA.1.15.1    1.21%    passed     99.95%
 328  Omicron_BA.1.1.18    0.74%    passed     99.98%
 329  Omicron_BA.1.1.15    0.47%    passed     99.49%
 330  Omicron_BA.1.1.10    0.93%    passed    100.00%
 331  Omicron_BA.1.17      1.01%    passed     99.79%
 332  Omicron_BA.1.1.8     1.58%    passed     99.99%
 333  Omicron_BA.1.18      0.82%    passed    100.00%
 334  Omicron_BA.1.20      0.89%    passed    100.00%
 335  Omicron_BA.1.1.14    0.71%    passed     99.99%
 336  Omicron_BA.1.15      0.55%    passed     99.98%
 337  Omicron_BA.1.1       1.48%    passed     99.63%
 338  Omicron_BA.1.13      0.87%    passed     99.98%
 339  Omicron_BA.1.17.2    0.69%    passed     99.97%
 340  Omicron_BA.1.10      0.74%    passed     99.97%
 341  Omicron_BA.1         1.07%    passed     99.98%
****  TOTAL                3.00%  1 sequences failed composition chi2 test (p-value<5%; df=3)

NOTE: Restoring information from model checkpoint file SARS-CoV-2.MSA.model.gz

CHECKPOINT: Initial tree restored
Measuring multi-threading efficiency up to 128 CPU cores
Increase to 10 rounds for branch lengths
44 trees examined
Threads: 1 / Time: 130.644 sec / Speedup: 1.000 / Efficiency: 100% / LogL: -97675
Threads: 2 / Time: 79.208 sec / Speedup: 1.649 / Efficiency: 82% / LogL: -97675
Threads: 3 / Time: 54.325 sec / Speedup: 2.405 / Efficiency: 80% / LogL: -97675
Threads: 4 / Time: 44.403 sec / Speedup: 2.942 / Efficiency: 74% / LogL: -97675
Threads: 5 / Time: 38.933 sec / Speedup: 3.356 / Efficiency: 67% / LogL: -97675
Threads: 6 / Time: 35.531 sec / Speedup: 3.677 / Efficiency: 61% / LogL: -97675
Threads: 7 / Time: 33.490 sec / Speedup: 3.901 / Efficiency: 56% / LogL: -97675
Threads: 8 / Time: 31.629 sec / Speedup: 4.130 / Efficiency: 52% / LogL: -97675
Threads: 9 / Time: 31.019 sec / Speedup: 4.212 / Efficiency: 47% / LogL: -97675
BEST NUMBER OF THREADS: 8

Perform fast likelihood tree search using GTR+I+G model...
CHECKPOINT: Tree restored, LogL: -63936.195
NOTE: ModelFinder requires 699 MB RAM!
ModelFinder will test up to 286 DNA models (sample size: 30005) ...
 No. Model         -LnL         df  AIC          AICc         BIC
  1  GTR+F         64623.570    687 130621.141   130653.385   136329.506
  2  GTR+F+I       63980.100    688 129336.200   129368.539   135052.874
  3  GTR+F+G4      64034.169    688 129444.339   129476.678   135161.013
  4  GTR+F+I+G4    63936.364    689 129250.727   129283.162   134975.710
  5  GTR+F+R2      63821.581    689 129021.161   129053.596   134746.144
  6  GTR+F+R3      63821.040    691 129024.080   129056.706   134765.682
 18  SYM+R2        64947.260    686 131266.520   131298.670   136966.576
 31  TVM+F+R2      63957.004    688 129290.009   129322.348   135006.683
 44  TVMe+R2       65092.151    685 131554.303   131586.358   137246.049
 57  TIM3+F+R2     64007.069    687 129388.137   129420.382   135096.502
 70  TIM3e+R2      65083.016    684 131534.031   131565.992   137217.469
 83  TIM2+F+R2     63926.051    687 129226.102   129258.347   134934.467
 96  TIM2e+R2      65125.044    684 131618.088   131650.049   137301.526
109  TIM+F+R2      63939.434    687 129252.868   129285.112   134961.233
122  TIMe+R2       65094.376    684 131556.752   131588.713   137240.190
135  TPM3u+F+R2    64147.437    686 129666.875   129699.025   135366.931
148  TPM3+F+R2     64147.437    686 129666.875   129699.025   135366.931
161  TPM2u+F+R2    64070.219    686 129512.437   129544.587   135212.493
174  TPM2+F+R2     64070.219    686 129512.437   129544.587   135212.493
187  K3Pu+F+R2     64089.896    686 129551.793   129583.942   135251.848
200  K3P+R2        65247.481    683 131860.962   131892.828   137536.091
213  TN+F+R2       64059.592    686 129491.184   129523.334   135191.240
226  TNe+R2        65207.462    683 131780.925   131812.791   137456.053
239  HKY+F+R2      64209.696    685 129789.392   129821.447   135481.139
252  K2P+R2        65360.560    682 132085.119   132116.891   137751.938
265  F81+F+R2      64869.340    684 131106.680   131138.640   136790.117
278  JC+R2         66014.186    681 133390.373   133422.050   139048.883
Akaike Information Criterion:           GTR+F+R2
Corrected Akaike Information Criterion: GTR+F+R2
Bayesian Information Criterion:         GTR+F+R2
Best-fit model: GTR+F+R2 chosen according to BIC

All model information printed to SARS-CoV-2.MSA.model.gz
CPU time for ModelFinder: 1788.352 seconds (0h:29m:48s)
Wall-clock time for ModelFinder: 480.050 seconds (0h:8m:0s)
Generating 1000 samples for ultrafast bootstrap (seed: 606206)...
CHECKPOINT: 1000 UFBoot trees and 8 UFBootSplits restored

NOTE: 158 MB RAM (0 GB) is required!
CHECKPOINT: Model parameters restored, LogL: -63730.292
--------------------------------------------------------------------
|             INITIALIZING CANDIDATE TREE SET                      |
--------------------------------------------------------------------
CHECKPOINT: Candidate tree set restored, best LogL: -63730.292
Finish initializing candidate tree set (20)
Current best tree score: -63730.292 / CPU time: 0.000
Number of iterations: 415
--------------------------------------------------------------------
|               OPTIMIZING CANDIDATE TREE SET                      |
--------------------------------------------------------------------
Iteration 420 / LogL: -63746.801 / Time: 0h:0m:12s (0h:0m:2s left)
Estimate model parameters (epsilon = 0.100)
BETTER TREE FOUND at iteration 422: -63730.119
Iteration 430 / LogL: -63752.777 / Time: 0h:0m:38s (0h:0m:8s left)
Iteration 440 / LogL: -63762.197 / Time: 0h:1m:4s (0h:0m:11s left)
Iteration 450 / LogL: -63740.872 / Time: 0h:1m:29s (0h:0m:14s left)
Log-likelihood cutoff on original alignment: -63843.553
Iteration 460 / LogL: -63764.513 / Time: 0h:1m:54s (0h:0m:15s left)
Iteration 470 / LogL: -63794.802 / Time: 0h:2m:17s (0h:0m:15s left)
Iteration 480 / LogL: -63736.659 / Time: 0h:2m:42s (0h:0m:14s left)
Iteration 490 / LogL: -63770.683 / Time: 0h:3m:6s (0h:0m:12s left)
Estimate model parameters (epsilon = 0.100)
BETTER TREE FOUND at iteration 495: -63730.089
Iteration 500 / LogL: -63735.517 / Time: 0h:3m:31s (0h:0m:40s left)
Log-likelihood cutoff on original alignment: -63843.553
NOTE: Bootstrap correlation coefficient of split occurrence frequencies: 0.955
NOTE: UFBoot does not converge, continue at least 100 more iterations
Iteration 510 / LogL: -63730.409 / Time: 0h:3m:58s (0h:0m:42s left)
Iteration 520 / LogL: -63730.635 / Time: 0h:4m:23s (0h:0m:40s left)
Iteration 530 / LogL: -63765.518 / Time: 0h:4m:47s (0h:0m:37s left)
Iteration 540 / LogL: -63754.868 / Time: 0h:5m:13s (0h:0m:34s left)
Iteration 550 / LogL: -63736.881 / Time: 0h:5m:39s (0h:0m:30s left)
Log-likelihood cutoff on original alignment: -63843.553
Estimate model parameters (epsilon = 0.100)
BETTER TREE FOUND at iteration 557: -63729.900
Iteration 560 / LogL: -63786.752 / Time: 0h:6m:6s (0h:1m:3s left)
Iteration 570 / LogL: -63799.741 / Time: 0h:6m:33s (0h:1m:0s left)
Iteration 580 / LogL: -63732.810 / Time: 0h:6m:59s (0h:0m:55s left)
Iteration 590 / LogL: -63736.613 / Time: 0h:7m:24s (0h:0m:50s left)
Iteration 600 / LogL: -63958.668 / Time: 0h:7m:49s (0h:0m:44s left)
Log-likelihood cutoff on original alignment: -63843.553
NOTE: Bootstrap correlation coefficient of split occurrence frequencies: 0.962
NOTE: UFBoot does not converge, continue at least 100 more iterations
Iteration 610 / LogL: -63737.275 / Time: 0h:8m:18s (0h:1m:13s left)
Iteration 620 / LogL: -63739.441 / Time: 0h:8m:45s (0h:1m:7s left)
Iteration 630 / LogL: -63755.922 / Time: 0h:9m:11s (0h:1m:1s left)
Iteration 640 / LogL: -63792.822 / Time: 0h:9m:37s (0h:0m:54s left)
Iteration 650 / LogL: -63777.300 / Time: 0h:10m:2s (0h:0m:46s left)
Log-likelihood cutoff on original alignment: -63843.553
Iteration 660 / LogL: -63774.157 / Time: 0h:10m:30s (0h:0m:38s left)
Iteration 670 / LogL: -63739.764 / Time: 0h:10m:55s (0h:0m:29s left)
Iteration 680 / LogL: -63745.258 / Time: 0h:11m:22s (0h:0m:20s left)
Iteration 690 / LogL: -63759.916 / Time: 0h:11m:48s (0h:0m:10s left)
Iteration 700 / LogL: -63734.422 / Time: 0h:12m:12s (0h:0m:0s left)
Log-likelihood cutoff on original alignment: -63843.553
NOTE: Bootstrap correlation coefficient of split occurrence frequencies: 0.969
NOTE: UFBoot does not converge, continue at least 100 more iterations
Iteration 710 / LogL: -63730.254 / Time: 0h:12m:43s (0h:1m:36s left)
Iteration 720 / LogL: -63739.765 / Time: 0h:13m:9s (0h:1m:27s left)
Iteration 730 / LogL: -63737.225 / Time: 0h:13m:35s (0h:1m:18s left)
Iteration 740 / LogL: -63739.455 / Time: 0h:13m:59s (0h:1m:8s left)
Iteration 750 / LogL: -63732.896 / Time: 0h:14m:25s (0h:0m:57s left)
Log-likelihood cutoff on original alignment: -63843.553
Iteration 760 / LogL: -63785.335 / Time: 0h:14m:54s (0h:0m:47s left)
Iteration 770 / LogL: -63745.779 / Time: 0h:15m:21s (0h:0m:35s left)
Iteration 780 / LogL: -63801.678 / Time: 0h:15m:48s (0h:0m:24s left)
Iteration 790 / LogL: -63742.128 / Time: 0h:16m:16s (0h:0m:12s left)
Iteration 800 / LogL: -63828.558 / Time: 0h:16m:43s (0h:0m:0s left)
Log-likelihood cutoff on original alignment: -63843.553
NOTE: Bootstrap correlation coefficient of split occurrence frequencies: 0.974
NOTE: UFBoot does not converge, continue at least 100 more iterations
Iteration 810 / LogL: -63749.736 / Time: 0h:17m:11s (0h:1m:54s left)
Iteration 820 / LogL: -63763.935 / Time: 0h:17m:36s (0h:1m:43s left)
Iteration 830 / LogL: -63916.685 / Time: 0h:18m:3s (0h:1m:31s left)
Iteration 840 / LogL: -63748.622 / Time: 0h:18m:31s (0h:1m:19s left)
Iteration 850 / LogL: -63738.697 / Time: 0h:18m:59s (0h:1m:7s left)
Log-likelihood cutoff on original alignment: -63843.553
Iteration 860 / LogL: -63745.593 / Time: 0h:19m:28s (0h:0m:54s left)
Iteration 870 / LogL: -63882.742 / Time: 0h:19m:53s (0h:0m:41s left)
Iteration 880 / LogL: -63772.628 / Time: 0h:20m:22s (0h:0m:27s left)
Iteration 890 / LogL: -63741.197 / Time: 0h:20m:49s (0h:0m:14s left)
Iteration 900 / LogL: -63971.998 / Time: 0h:21m:16s (0h:0m:0s left)
Log-likelihood cutoff on original alignment: -63843.553
NOTE: Bootstrap correlation coefficient of split occurrence frequencies: 0.995
TREE SEARCH COMPLETED AFTER 900 ITERATIONS / Time: 0h:21m:18s

--------------------------------------------------------------------
|                    FINALIZING TREE SEARCH                        |
--------------------------------------------------------------------
Performs final model parameters optimization
Estimate model parameters (epsilon = 0.010)
1. Initial log-likelihood: -63729.900
Optimal log-likelihood: -63729.894
Rate parameters:  A-C: 0.21971  A-G: 0.99614  A-T: 0.15952  C-G: 0.21198  C-T: 2.60616  G-T: 1.00000
Base frequencies:  A: 0.299  C: 0.183  G: 0.196  T: 0.322
Site proportion and rates:  (0.980,0.613) (0.020,20.253)
Parameters optimization took 1 rounds (0.363 sec)
BEST SCORE FOUND : -63729.894

Testing tree branches by SH-like aLRT with 1000 replicates...
Alternative NNI shows better log-likelihood -63729.890 > -63729.894
28.926 sec.
Creating bootstrap support values...
Split supports printed to NEXUS file SARS-CoV-2.MSA.splits.nex
Total tree length: 0.083

Total number of iterations: 900
CPU time used for tree search: 7709.557 sec (2h:8m:29s)
Wall-clock time used for tree search: 1277.517 sec (0h:21m:17s)
Total CPU time used: 7940.990 sec (2h:12m:20s)
Total wall-clock time used: 1309.738 sec (0h:21m:49s)

Computing bootstrap consensus tree...
Reading input file SARS-CoV-2.MSA.splits.nex...
341 taxa and 11067 splits.
Consensus tree written to SARS-CoV-2.MSA.contree
Reading input trees file SARS-CoV-2.MSA.contree
Log-likelihood of consensus tree: -63730.273

Analysis results written to: 
  IQ-TREE report:                SARS-CoV-2.MSA.iqtree
  Maximum-likelihood tree:       SARS-CoV-2.MSA.treefile
  Likelihood distances:          SARS-CoV-2.MSA.mldist

Ultrafast bootstrap approximation results written to:
  Split support values:          SARS-CoV-2.MSA.splits.nex
  Consensus tree:                SARS-CoV-2.MSA.contree
  Screen log file:               SARS-CoV-2.MSA.log

Date and Time: Mon Jun 13 13:51:03 2022
